<?xml version="1.0" encoding="UTF-8"?>
<coverage generated="1614870568747" clover="3.2.0">
  <project timestamp="1614870568747" name="All files">
    <metrics statements="13" coveredstatements="8" conditionals="0" coveredconditionals="0" methods="8" coveredmethods="4" elements="21" coveredelements="12" complexity="0" loc="13" ncloc="13" packages="2" files="3" classes="3"/>
    <package name="overview">
      <metrics statements="11" coveredstatements="6" conditionals="0" coveredconditionals="0" methods="7" coveredmethods="3"/>
      <file name="DefaultGallery.js" path="/Users/antonmenchaca/Desktop/FEC/src/components/overview/DefaultGallery.js">
        <metrics statements="5" coveredstatements="4" conditionals="0" coveredconditionals="0" methods="3" coveredmethods="2"/>
        <line num="6" count="2" type="stmt"/>
        <line num="7" count="2" type="stmt"/>
        <line num="8" count="2" type="stmt"/>
        <line num="13" count="0" type="stmt"/>
        <line num="32" count="12" type="stmt"/>
      </file>
      <file name="ExpandedGallery.js" path="/Users/antonmenchaca/Desktop/FEC/src/components/overview/ExpandedGallery.js">
        <metrics statements="6" coveredstatements="2" conditionals="0" coveredconditionals="0" methods="4" coveredmethods="1"/>
        <line num="7" count="2" type="stmt"/>
        <line num="10" count="0" type="stmt"/>
        <line num="11" count="0" type="stmt"/>
        <line num="15" count="1" type="stmt"/>
        <line num="19" count="0" type="stmt"/>
        <line num="21" count="0" type="stmt"/>
      </file>
    </package>
    <package name="shared">
      <metrics statements="2" coveredstatements="2" conditionals="0" coveredconditionals="0" methods="1" coveredmethods="1"/>
      <file name="Stars.jsx" path="/Users/antonmenchaca/Desktop/FEC/src/components/shared/Stars.jsx">
        <metrics statements="2" coveredstatements="2" conditionals="0" coveredconditionals="0" methods="1" coveredmethods="1"/>
        <line num="7" count="2" type="stmt"/>
        <line num="11" count="1" type="stmt"/>
      </file>
    </package>
  </project>
</coverage>
