{"/Users/nastassia/Desktop/HackReactor/FEC/config.js": {"path":"/Users/nastassia/Desktop/HackReactor/FEC/config.js","statementMap":{"0":{"start":{"line":1,"column":0},"end":{"line":1,"column":60}}},"fnMap":{},"branchMap":{},"s":{"0":1},"f":{},"b":{},"_coverageSchema":"1a1c01bbd47fc00a2c39e90264f33305004495a9","hash":"25cd9f79b2ec149617452f200c0b681216bb236c"}
,"/Users/nastassia/Desktop/HackReactor/FEC/src/components/App.jsx": {"path":"/Users/nastassia/Desktop/HackReactor/FEC/src/components/App.jsx","statementMap":{"0":{"start":{"line":7,"column":4},"end":{"line":7,"column":17}},"1":{"start":{"line":8,"column":4},"end":{"line":10,"column":6}},"2":{"start":{"line":15,"column":4},"end":{"line":22,"column":6}}},"fnMap":{"0":{"name":"(anonymous_0)","decl":{"start":{"line":6,"column":2},"end":{"line":6,"column":3}},"loc":{"start":{"line":6,"column":21},"end":{"line":11,"column":3}},"line":6},"1":{"name":"(anonymous_1)","decl":{"start":{"line":14,"column":2},"end":{"line":14,"column":3}},"loc":{"start":{"line":14,"column":11},"end":{"line":23,"column":3}},"line":14}},"branchMap":{},"s":{"0":1,"1":1,"2":1},"f":{"0":1,"1":1},"b":{},"_coverageSchema":"1a1c01bbd47fc00a2c39e90264f33305004495a9","hash":"b61fd4c3ba9abbf799c5a5d8b4f02725b3674d0b"}
}
