{"/Users/antonmenchaca/Desktop/FEC/src/components/overview/DefaultGallery.js": {"path":"/Users/antonmenchaca/Desktop/FEC/src/components/overview/DefaultGallery.js","statementMap":{"0":{"start":{"line":6,"column":21},"end":{"line":42,"column":1}},"1":{"start":{"line":7,"column":2},"end":{"line":7,"column":31}},"2":{"start":{"line":8,"column":2},"end":{"line":41,"column":3}},"3":{"start":{"line":13,"column":26},"end":{"line":13,"column":45}},"4":{"start":{"line":32,"column":10},"end":{"line":34,"column":16}}},"fnMap":{"0":{"name":"(anonymous_0)","decl":{"start":{"line":6,"column":21},"end":{"line":6,"column":22}},"loc":{"start":{"line":6,"column":42},"end":{"line":42,"column":1}},"line":6},"1":{"name":"(anonymous_1)","decl":{"start":{"line":13,"column":20},"end":{"line":13,"column":21}},"loc":{"start":{"line":13,"column":26},"end":{"line":13,"column":45}},"line":13},"2":{"name":"(anonymous_2)","decl":{"start":{"line":31,"column":30},"end":{"line":31,"column":31}},"loc":{"start":{"line":32,"column":10},"end":{"line":34,"column":16}},"line":32}},"branchMap":{},"s":{"0":2,"1":2,"2":2,"3":0,"4":12},"f":{"0":2,"1":0,"2":12},"b":{},"_coverageSchema":"1a1c01bbd47fc00a2c39e90264f33305004495a9","hash":"98708cbc7ad09ffde6b47416c2e78b30d6c6fd16"}
,"/Users/antonmenchaca/Desktop/FEC/src/components/overview/ExpandedGallery.js": {"path":"/Users/antonmenchaca/Desktop/FEC/src/components/overview/ExpandedGallery.js","statementMap":{"0":{"start":{"line":7,"column":22},"end":{"line":28,"column":1}},"1":{"start":{"line":10,"column":4},"end":{"line":10,"column":26}},"2":{"start":{"line":11,"column":4},"end":{"line":11,"column":26}},"3":{"start":{"line":15,"column":2},"end":{"line":27,"column":3}},"4":{"start":{"line":19,"column":29},"end":{"line":19,"column":75}},"5":{"start":{"line":21,"column":26},"end":{"line":21,"column":44}}},"fnMap":{"0":{"name":"(anonymous_0)","decl":{"start":{"line":7,"column":22},"end":{"line":7,"column":23}},"loc":{"start":{"line":7,"column":45},"end":{"line":28,"column":1}},"line":7},"1":{"name":"collapsedGallery","decl":{"start":{"line":9,"column":11},"end":{"line":9,"column":27}},"loc":{"start":{"line":9,"column":30},"end":{"line":12,"column":3}},"line":9},"2":{"name":"(anonymous_2)","decl":{"start":{"line":19,"column":23},"end":{"line":19,"column":24}},"loc":{"start":{"line":19,"column":29},"end":{"line":19,"column":75}},"line":19},"3":{"name":"(anonymous_3)","decl":{"start":{"line":21,"column":20},"end":{"line":21,"column":21}},"loc":{"start":{"line":21,"column":26},"end":{"line":21,"column":44}},"line":21}},"branchMap":{},"s":{"0":2,"1":0,"2":0,"3":1,"4":0,"5":0},"f":{"0":1,"1":0,"2":0,"3":0},"b":{},"_coverageSchema":"1a1c01bbd47fc00a2c39e90264f33305004495a9","hash":"dbaee1d72e031ac4bed21c17597a4a8c747df760"}
,"/Users/antonmenchaca/Desktop/FEC/src/components/shared/Stars.jsx": {"path":"/Users/antonmenchaca/Desktop/FEC/src/components/shared/Stars.jsx","statementMap":{"0":{"start":{"line":7,"column":14},"end":{"line":35,"column":1}},"1":{"start":{"line":11,"column":2},"end":{"line":34,"column":3}}},"fnMap":{"0":{"name":"(anonymous_0)","decl":{"start":{"line":7,"column":14},"end":{"line":7,"column":15}},"loc":{"start":{"line":7,"column":25},"end":{"line":35,"column":1}},"line":7}},"branchMap":{},"s":{"0":2,"1":1},"f":{"0":1},"b":{},"_coverageSchema":"1a1c01bbd47fc00a2c39e90264f33305004495a9","hash":"d155e6b91942ef91f4025da4557aff2c930a9dbf"}
}
