TN:
SF:src/components/overview/DefaultGallery.js
FN:6,(anonymous_0)
FN:13,(anonymous_1)
FN:31,(anonymous_2)
FNF:3
FNH:2
FNDA:2,(anonymous_0)
FNDA:0,(anonymous_1)
FNDA:12,(anonymous_2)
DA:6,2
DA:7,2
DA:8,2
DA:13,0
DA:32,12
LF:5
LH:4
BRF:0
BRH:0
end_of_record
TN:
SF:src/components/overview/ExpandedGallery.js
FN:7,(anonymous_0)
FN:9,collapsedGallery
FN:19,(anonymous_2)
FN:21,(anonymous_3)
FNF:4
FNH:1
FNDA:1,(anonymous_0)
FNDA:0,collapsedGallery
FNDA:0,(anonymous_2)
FNDA:0,(anonymous_3)
DA:7,2
DA:10,0
DA:11,0
DA:15,1
DA:19,0
DA:21,0
LF:6
LH:2
BRF:0
BRH:0
end_of_record
TN:
SF:src/components/shared/Stars.jsx
FN:7,(anonymous_0)
FNF:1
FNH:1
FNDA:1,(anonymous_0)
DA:7,2
DA:11,1
LF:2
LH:2
BRF:0
BRH:0
end_of_record
